<?xml version="1.0" encoding="UTF-8"?>
<testsuite name="ustu.is.InternetLab.InternetLabApplicationTests" tests="4" skipped="0" failures="0" errors="0" timestamp="2022-04-07T09:32:25" hostname="DESKTOP-H7FNSK3" time="1.057">
  <properties/>
  <testcase name="testCalcDel()" classname="ustu.is.InternetLab.InternetLabApplicationTests" time="0.99"/>
  <testcase name="testCalcMult()" classname="ustu.is.InternetLab.InternetLabApplicationTests" time="0.026"/>
  <testcase name="testCalcRazn()" classname="ustu.is.InternetLab.InternetLabApplicationTests" time="0.015"/>
  <testcase name="testCalcSumm()" classname="ustu.is.InternetLab.InternetLabApplicationTests" time="0.012"/>
  <system-out><![CDATA[13:32:19.976 [Test worker] DEBUG org.springframework.test.context.BootstrapUtils - Instantiating CacheAwareContextLoaderDelegate from class [org.springframework.test.context.cache.DefaultCacheAwareContextLoaderDelegate]
13:32:20.014 [Test worker] DEBUG org.springframework.test.context.BootstrapUtils - Instantiating BootstrapContext using constructor [public org.springframework.test.context.support.DefaultBootstrapContext(java.lang.Class,org.springframework.test.context.CacheAwareContextLoaderDelegate)]
13:32:20.145 [Test worker] DEBUG org.springframework.test.context.BootstrapUtils - Instantiating TestContextBootstrapper for test class [ustu.is.InternetLab.InternetLabApplicationTests] from class [org.springframework.boot.test.context.SpringBootTestContextBootstrapper]
13:32:20.176 [Test worker] INFO org.springframework.boot.test.context.SpringBootTestContextBootstrapper - Neither @ContextConfiguration nor @ContextHierarchy found for test class [ustu.is.InternetLab.InternetLabApplicationTests], using SpringBootContextLoader
13:32:20.176 [Test worker] DEBUG org.springframework.test.context.support.AbstractContextLoader - Did not detect default resource location for test class [ustu.is.InternetLab.InternetLabApplicationTests]: class path resource [ustu/is/InternetLab/InternetLabApplicationTests-context.xml] does not exist
13:32:20.176 [Test worker] DEBUG org.springframework.test.context.support.AbstractContextLoader - Did not detect default resource location for test class [ustu.is.InternetLab.InternetLabApplicationTests]: class path resource [ustu/is/InternetLab/InternetLabApplicationTestsContext.groovy] does not exist
13:32:20.176 [Test worker] INFO org.springframework.test.context.support.AbstractContextLoader - Could not detect default resource locations for test class [ustu.is.InternetLab.InternetLabApplicationTests]: no resource found for suffixes {-context.xml, Context.groovy}.
13:32:20.192 [Test worker] INFO org.springframework.test.context.support.AnnotationConfigContextLoaderUtils - Could not detect default configuration classes for test class [ustu.is.InternetLab.InternetLabApplicationTests]: InternetLabApplicationTests does not declare any static, non-private, non-final, nested classes annotated with @Configuration.
13:32:20.292 [Test worker] DEBUG org.springframework.test.context.support.ActiveProfilesUtils - Could not find an 'annotation declaring class' for annotation type [org.springframework.test.context.ActiveProfiles] and class [ustu.is.InternetLab.InternetLabApplicationTests]
13:32:20.446 [Test worker] DEBUG org.springframework.context.annotation.ClassPathScanningCandidateComponentProvider - Identified candidate component class: file [C:\Users\Alina\Desktop\Internet\InternetLab2\build\classes\java\main\ustu\is\InternetLab\InternetLabApplication.class]
13:32:20.462 [Test worker] INFO org.springframework.boot.test.context.SpringBootTestContextBootstrapper - Found @SpringBootConfiguration ustu.is.InternetLab.InternetLabApplication for test class ustu.is.InternetLab.InternetLabApplicationTests
13:32:20.731 [Test worker] DEBUG org.springframework.boot.test.context.SpringBootTestContextBootstrapper - @TestExecutionListeners is not present for class [ustu.is.InternetLab.InternetLabApplicationTests]: using defaults.
13:32:20.731 [Test worker] INFO org.springframework.boot.test.context.SpringBootTestContextBootstrapper - Loaded default TestExecutionListener class names from location [META-INF/spring.factories]: [org.springframework.boot.test.autoconfigure.restdocs.RestDocsTestExecutionListener, org.springframework.boot.test.autoconfigure.web.client.MockRestServiceServerResetTestExecutionListener, org.springframework.boot.test.autoconfigure.web.servlet.MockMvcPrintOnlyOnFailureTestExecutionListener, org.springframework.boot.test.autoconfigure.web.servlet.WebDriverTestExecutionListener, org.springframework.boot.test.autoconfigure.webservices.client.MockWebServiceServerTestExecutionListener, org.springframework.boot.test.mock.mockito.MockitoTestExecutionListener, org.springframework.boot.test.mock.mockito.ResetMocksTestExecutionListener, org.springframework.test.context.web.ServletTestExecutionListener, org.springframework.test.context.support.DirtiesContextBeforeModesTestExecutionListener, org.springframework.test.context.event.ApplicationEventsTestExecutionListener, org.springframework.test.context.support.DependencyInjectionTestExecutionListener, org.springframework.test.context.support.DirtiesContextTestExecutionListener, org.springframework.test.context.transaction.TransactionalTestExecutionListener, org.springframework.test.context.jdbc.SqlScriptsTestExecutionListener, org.springframework.test.context.event.EventPublishingTestExecutionListener]
13:32:20.762 [Test worker] DEBUG org.springframework.boot.test.context.SpringBootTestContextBootstrapper - Skipping candidate TestExecutionListener [org.springframework.test.context.transaction.TransactionalTestExecutionListener] due to a missing dependency. Specify custom listener classes or make the default listener classes and their required dependencies available. Offending class: [org/springframework/transaction/interceptor/TransactionAttributeSource]
13:32:20.762 [Test worker] DEBUG org.springframework.boot.test.context.SpringBootTestContextBootstrapper - Skipping candidate TestExecutionListener [org.springframework.test.context.jdbc.SqlScriptsTestExecutionListener] due to a missing dependency. Specify custom listener classes or make the default listener classes and their required dependencies available. Offending class: [org/springframework/transaction/interceptor/TransactionAttribute]
13:32:20.762 [Test worker] INFO org.springframework.boot.test.context.SpringBootTestContextBootstrapper - Using TestExecutionListeners: [org.springframework.test.context.web.ServletTestExecutionListener@58e6d4b8, org.springframework.test.context.support.DirtiesContextBeforeModesTestExecutionListener@1de5f0ef, org.springframework.test.context.event.ApplicationEventsTestExecutionListener@376a312c, org.springframework.boot.test.mock.mockito.MockitoTestExecutionListener@28d6290, org.springframework.boot.test.autoconfigure.SpringBootDependencyInjectionTestExecutionListener@6ca0256d, org.springframework.test.context.support.DirtiesContextTestExecutionListener@5ef0d29e, org.springframework.test.context.event.EventPublishingTestExecutionListener@38f57b3d, org.springframework.boot.test.autoconfigure.restdocs.RestDocsTestExecutionListener@51850751, org.springframework.boot.test.autoconfigure.web.client.MockRestServiceServerResetTestExecutionListener@3ce3db41, org.springframework.boot.test.autoconfigure.web.servlet.MockMvcPrintOnlyOnFailureTestExecutionListener@64df9a61, org.springframework.boot.test.autoconfigure.web.servlet.WebDriverTestExecutionListener@77602954, org.springframework.boot.test.autoconfigure.webservices.client.MockWebServiceServerTestExecutionListener@e260766, org.springframework.boot.test.mock.mockito.ResetMocksTestExecutionListener@2c3dec30]
13:32:20.778 [Test worker] DEBUG org.springframework.test.context.support.AbstractDirtiesContextTestExecutionListener - Before test class: context [DefaultTestContext@24bdb479 testClass = InternetLabApplicationTests, testInstance = [null], testMethod = [null], testException = [null], mergedContextConfiguration = [WebMergedContextConfiguration@7e3f95fe testClass = InternetLabApplicationTests, locations = '{}', classes = '{class ustu.is.InternetLab.InternetLabApplication}', contextInitializerClasses = '[]', activeProfiles = '{}', propertySourceLocations = '{}', propertySourceProperties = '{org.springframework.boot.test.context.SpringBootTestContextBootstrapper=true}', contextCustomizers = set[org.springframework.boot.test.autoconfigure.actuate.metrics.MetricsExportContextCustomizerFactory$DisableMetricExportContextCustomizer@7749bf93, org.springframework.boot.test.autoconfigure.properties.PropertyMappingContextCustomizer@0, org.springframework.boot.test.autoconfigure.web.servlet.WebDriverContextCustomizerFactory$Customizer@740d2e78, org.springframework.boot.test.context.filter.ExcludeFilterContextCustomizer@5a1de7fb, org.springframework.boot.test.json.DuplicateJsonObjectContextCustomizerFactory$DuplicateJsonObjectContextCustomizer@32a68f4f, org.springframework.boot.test.mock.mockito.MockitoContextCustomizer@0, org.springframework.boot.test.web.client.TestRestTemplateContextCustomizer@a87f8ec, org.springframework.boot.test.context.SpringBootTestArgs@1, org.springframework.boot.test.context.SpringBootTestWebEnvironment@2f8dad04], resourceBasePath = 'src/main/webapp', contextLoader = 'org.springframework.boot.test.context.SpringBootContextLoader', parent = [null]], attributes = map['org.springframework.test.context.web.ServletTestExecutionListener.activateListener' -> true]], class annotated with @DirtiesContext [false] with mode [null].

  .   ____          _            __ _ _
 /\\ / ___'_ __ _ _(_)_ __  __ _ \ \ \ \
( ( )\___ | '_ | '_| | '_ \/ _` | \ \ \ \
 \\/  ___)| |_)| | | | | || (_| |  ) ) ) )
  '  |____| .__|_| |_|_| |_\__, | / / / /
 =========|_|==============|___/=/_/_/_/
 :: Spring Boot ::                (v2.6.4)

2022-04-07 13:32:21.865  INFO 11228 --- [    Test worker] u.i.I.InternetLabApplicationTests        : Starting InternetLabApplicationTests using Java 17.0.2 on DESKTOP-H7FNSK3 with PID 11228 (started by Alina in C:\Users\Alina\Desktop\Internet\InternetLab2)
2022-04-07 13:32:21.881  INFO 11228 --- [    Test worker] u.i.I.InternetLabApplicationTests        : No active profile set, falling back to 1 default profile: "default"
2022-04-07 13:32:23.907  INFO 11228 --- [    Test worker] u.i.I.c.c.CalculatorConfiguration        : Call createSumm()
2022-04-07 13:32:23.923  INFO 11228 --- [    Test worker] u.i.I.calculator.domain.CalculatorSumm   : CalculatorSumm.init()
2022-04-07 13:32:23.938  INFO 11228 --- [    Test worker] u.i.I.c.c.CalculatorConfiguration        : Call createRazn()
2022-04-07 13:32:23.954  INFO 11228 --- [    Test worker] u.i.I.calculator.domain.CalculatorRazn   : CalculatorRazn.init()
2022-04-07 13:32:23.954  INFO 11228 --- [    Test worker] u.i.I.c.c.CalculatorConfiguration        : Call createMult()
2022-04-07 13:32:23.985  INFO 11228 --- [    Test worker] u.i.I.calculator.domain.CalculatorMult   : CalculatorMult.init()
2022-04-07 13:32:23.985  INFO 11228 --- [    Test worker] u.i.I.c.c.CalculatorConfiguration        : Call createDel()
2022-04-07 13:32:23.985  INFO 11228 --- [    Test worker] u.i.I.calculator.domain.CalculatorDel    : CalculatorDel.init()
2022-04-07 13:32:25.762  INFO 11228 --- [    Test worker] u.i.I.InternetLabApplicationTests        : Started InternetLabApplicationTests in 4.8 seconds (JVM running for 7.606)
2022-04-07 13:32:26.780  INFO 11228 --- [    Test worker] u.i.I.InternetLabApplicationTests        : Stroka: I am del:  Your del (100 / 20): 5.0, User!
2022-04-07 13:32:26.780  INFO 11228 --- [    Test worker] u.i.I.InternetLabApplicationTests        : Primer: I am del:  Your del (100 / 20): 5.0, User!
2022-04-07 13:32:26.827  INFO 11228 --- [    Test worker] u.i.I.InternetLabApplicationTests        : Stroka: I am mult:  Your mult (50 * 20): 1000, Uu!
2022-04-07 13:32:26.827  INFO 11228 --- [    Test worker] u.i.I.InternetLabApplicationTests        : Primer: I am mult:  Your mult (50 * 20): 1000, Uu!
2022-04-07 13:32:26.858  INFO 11228 --- [    Test worker] u.i.I.InternetLabApplicationTests        : Stroka: I am razn:  Your razn (100 - 20): 80, Usr!
2022-04-07 13:32:26.858  INFO 11228 --- [    Test worker] u.i.I.InternetLabApplicationTests        : Primer: I am razn:  Your razn (100 - 20): 80, Usr!
2022-04-07 13:32:26.880  INFO 11228 --- [    Test worker] u.i.I.InternetLabApplicationTests        : Stroka: I am summ:  Your summ (100 + 20): 120, U!
2022-04-07 13:32:26.880  INFO 11228 --- [    Test worker] u.i.I.InternetLabApplicationTests        : Primer: I am summ:  Your summ (100 + 20): 120, U!
]]></system-out>
  <system-err><![CDATA[]]></system-err>
</testsuite>
