<?xml version="1.0" encoding="UTF-8"?>
<testsuite name="ustu.is.InternetLab.InternetLabApplicationTests" tests="1" skipped="0" failures="0" errors="0" timestamp="2022-03-09T07:02:49" hostname="DESKTOP-H7FNSK3" time="1.2">
  <properties/>
  <testcase name="contextLoads()" classname="ustu.is.InternetLab.InternetLabApplicationTests" time="1.2"/>
  <system-out><![CDATA[11:02:43.842 [Test worker] DEBUG org.springframework.test.context.BootstrapUtils - Instantiating CacheAwareContextLoaderDelegate from class [org.springframework.test.context.cache.DefaultCacheAwareContextLoaderDelegate]
11:02:43.873 [Test worker] DEBUG org.springframework.test.context.BootstrapUtils - Instantiating BootstrapContext using constructor [public org.springframework.test.context.support.DefaultBootstrapContext(java.lang.Class,org.springframework.test.context.CacheAwareContextLoaderDelegate)]
11:02:43.958 [Test worker] DEBUG org.springframework.test.context.BootstrapUtils - Instantiating TestContextBootstrapper for test class [ustu.is.InternetLab.InternetLabApplicationTests] from class [org.springframework.boot.test.context.SpringBootTestContextBootstrapper]
11:02:43.980 [Test worker] INFO org.springframework.boot.test.context.SpringBootTestContextBootstrapper - Neither @ContextConfiguration nor @ContextHierarchy found for test class [ustu.is.InternetLab.InternetLabApplicationTests], using SpringBootContextLoader
11:02:43.980 [Test worker] DEBUG org.springframework.test.context.support.AbstractContextLoader - Did not detect default resource location for test class [ustu.is.InternetLab.InternetLabApplicationTests]: class path resource [ustu/is/InternetLab/InternetLabApplicationTests-context.xml] does not exist
11:02:43.996 [Test worker] DEBUG org.springframework.test.context.support.AbstractContextLoader - Did not detect default resource location for test class [ustu.is.InternetLab.InternetLabApplicationTests]: class path resource [ustu/is/InternetLab/InternetLabApplicationTestsContext.groovy] does not exist
11:02:43.996 [Test worker] INFO org.springframework.test.context.support.AbstractContextLoader - Could not detect default resource locations for test class [ustu.is.InternetLab.InternetLabApplicationTests]: no resource found for suffixes {-context.xml, Context.groovy}.
11:02:43.996 [Test worker] INFO org.springframework.test.context.support.AnnotationConfigContextLoaderUtils - Could not detect default configuration classes for test class [ustu.is.InternetLab.InternetLabApplicationTests]: InternetLabApplicationTests does not declare any static, non-private, non-final, nested classes annotated with @Configuration.
11:02:44.096 [Test worker] DEBUG org.springframework.test.context.support.ActiveProfilesUtils - Could not find an 'annotation declaring class' for annotation type [org.springframework.test.context.ActiveProfiles] and class [ustu.is.InternetLab.InternetLabApplicationTests]
11:02:44.296 [Test worker] DEBUG org.springframework.context.annotation.ClassPathScanningCandidateComponentProvider - Identified candidate component class: file [C:\Users\Alina\Desktop\new\InternetLab\build\classes\java\main\ustu\is\InternetLab\InternetLabApplication.class]
11:02:44.296 [Test worker] INFO org.springframework.boot.test.context.SpringBootTestContextBootstrapper - Found @SpringBootConfiguration ustu.is.InternetLab.InternetLabApplication for test class ustu.is.InternetLab.InternetLabApplicationTests
11:02:44.543 [Test worker] DEBUG org.springframework.boot.test.context.SpringBootTestContextBootstrapper - @TestExecutionListeners is not present for class [ustu.is.InternetLab.InternetLabApplicationTests]: using defaults.
11:02:44.543 [Test worker] INFO org.springframework.boot.test.context.SpringBootTestContextBootstrapper - Loaded default TestExecutionListener class names from location [META-INF/spring.factories]: [org.springframework.boot.test.autoconfigure.restdocs.RestDocsTestExecutionListener, org.springframework.boot.test.autoconfigure.web.client.MockRestServiceServerResetTestExecutionListener, org.springframework.boot.test.autoconfigure.web.servlet.MockMvcPrintOnlyOnFailureTestExecutionListener, org.springframework.boot.test.autoconfigure.web.servlet.WebDriverTestExecutionListener, org.springframework.boot.test.autoconfigure.webservices.client.MockWebServiceServerTestExecutionListener, org.springframework.boot.test.mock.mockito.MockitoTestExecutionListener, org.springframework.boot.test.mock.mockito.ResetMocksTestExecutionListener, org.springframework.test.context.web.ServletTestExecutionListener, org.springframework.test.context.support.DirtiesContextBeforeModesTestExecutionListener, org.springframework.test.context.event.ApplicationEventsTestExecutionListener, org.springframework.test.context.support.DependencyInjectionTestExecutionListener, org.springframework.test.context.support.DirtiesContextTestExecutionListener, org.springframework.test.context.transaction.TransactionalTestExecutionListener, org.springframework.test.context.jdbc.SqlScriptsTestExecutionListener, org.springframework.test.context.event.EventPublishingTestExecutionListener]
11:02:44.581 [Test worker] DEBUG org.springframework.boot.test.context.SpringBootTestContextBootstrapper - Skipping candidate TestExecutionListener [org.springframework.test.context.transaction.TransactionalTestExecutionListener] due to a missing dependency. Specify custom listener classes or make the default listener classes and their required dependencies available. Offending class: [org/springframework/transaction/interceptor/TransactionAttributeSource]
11:02:44.597 [Test worker] DEBUG org.springframework.boot.test.context.SpringBootTestContextBootstrapper - Skipping candidate TestExecutionListener [org.springframework.test.context.jdbc.SqlScriptsTestExecutionListener] due to a missing dependency. Specify custom listener classes or make the default listener classes and their required dependencies available. Offending class: [org/springframework/transaction/interceptor/TransactionAttribute]
11:02:44.597 [Test worker] INFO org.springframework.boot.test.context.SpringBootTestContextBootstrapper - Using TestExecutionListeners: [org.springframework.test.context.web.ServletTestExecutionListener@6ca0256d, org.springframework.test.context.support.DirtiesContextBeforeModesTestExecutionListener@5ef0d29e, org.springframework.test.context.event.ApplicationEventsTestExecutionListener@38f57b3d, org.springframework.boot.test.mock.mockito.MockitoTestExecutionListener@51850751, org.springframework.boot.test.autoconfigure.SpringBootDependencyInjectionTestExecutionListener@3ce3db41, org.springframework.test.context.support.DirtiesContextTestExecutionListener@64df9a61, org.springframework.test.context.event.EventPublishingTestExecutionListener@77602954, org.springframework.boot.test.autoconfigure.restdocs.RestDocsTestExecutionListener@e260766, org.springframework.boot.test.autoconfigure.web.client.MockRestServiceServerResetTestExecutionListener@2c3dec30, org.springframework.boot.test.autoconfigure.web.servlet.MockMvcPrintOnlyOnFailureTestExecutionListener@34a97744, org.springframework.boot.test.autoconfigure.web.servlet.WebDriverTestExecutionListener@4275c20c, org.springframework.boot.test.autoconfigure.webservices.client.MockWebServiceServerTestExecutionListener@7c56e013, org.springframework.boot.test.mock.mockito.ResetMocksTestExecutionListener@3fc9dfc5]
11:02:44.597 [Test worker] DEBUG org.springframework.test.context.support.AbstractDirtiesContextTestExecutionListener - Before test class: context [DefaultTestContext@65aa6596 testClass = InternetLabApplicationTests, testInstance = [null], testMethod = [null], testException = [null], mergedContextConfiguration = [WebMergedContextConfiguration@67389cb8 testClass = InternetLabApplicationTests, locations = '{}', classes = '{class ustu.is.InternetLab.InternetLabApplication}', contextInitializerClasses = '[]', activeProfiles = '{}', propertySourceLocations = '{}', propertySourceProperties = '{org.springframework.boot.test.context.SpringBootTestContextBootstrapper=true}', contextCustomizers = set[org.springframework.boot.test.autoconfigure.actuate.metrics.MetricsExportContextCustomizerFactory$DisableMetricExportContextCustomizer@36328d33, org.springframework.boot.test.autoconfigure.properties.PropertyMappingContextCustomizer@0, org.springframework.boot.test.autoconfigure.web.servlet.WebDriverContextCustomizerFactory$Customizer@53f6fd09, org.springframework.boot.test.context.filter.ExcludeFilterContextCustomizer@539d019, org.springframework.boot.test.json.DuplicateJsonObjectContextCustomizerFactory$DuplicateJsonObjectContextCustomizer@8c3619e, org.springframework.boot.test.mock.mockito.MockitoContextCustomizer@0, org.springframework.boot.test.web.client.TestRestTemplateContextCustomizer@27d4a09, org.springframework.boot.test.context.SpringBootTestArgs@1, org.springframework.boot.test.context.SpringBootTestWebEnvironment@3e6ef8ad], resourceBasePath = 'src/main/webapp', contextLoader = 'org.springframework.boot.test.context.SpringBootContextLoader', parent = [null]], attributes = map['org.springframework.test.context.web.ServletTestExecutionListener.activateListener' -> true]], class annotated with @DirtiesContext [false] with mode [null].

  .   ____          _            __ _ _
 /\\ / ___'_ __ _ _(_)_ __  __ _ \ \ \ \
( ( )\___ | '_ | '_| | '_ \/ _` | \ \ \ \
 \\/  ___)| |_)| | | | | || (_| |  ) ) ) )
  '  |____| .__|_| |_|_| |_\__, | / / / /
 =========|_|==============|___/=/_/_/_/
 :: Spring Boot ::                (v2.6.4)

2022-03-09 11:02:45.564  INFO 9760 --- [    Test worker] u.i.I.InternetLabApplicationTests        : Starting InternetLabApplicationTests using Java 17.0.2 on DESKTOP-H7FNSK3 with PID 9760 (started by Alina in C:\Users\Alina\Desktop\new\InternetLab)
2022-03-09 11:02:45.564  INFO 9760 --- [    Test worker] u.i.I.InternetLabApplicationTests        : No active profile set, falling back to 1 default profile: "default"
2022-03-09 11:02:49.562  INFO 9760 --- [    Test worker] u.i.I.InternetLabApplicationTests        : Started InternetLabApplicationTests in 4.867 seconds (JVM running for 8.104)
]]></system-out>
  <system-err><![CDATA[]]></system-err>
</testsuite>
